2018/04/22 15:16:46.093: System.Net.WebException: ”даленный сервер возвратил ошибку: (401) Ќесанкционированный.
   в System.Net.HttpWebRequest.GetResponse()
   в TErm.Helpers.Integration.Requests.get(String privateToken, String url) в D:\VisualStudio\TErm\TErm\Helpers\Integration\Requests.cs:строка 22
   в TErm.Helpers.Integration.GitLabParser.getProjectsListByPrivateToken(String privateToken, String userName) в D:\VisualStudio\TErm\TErm\Helpers\Integration\GitLabParser.cs:строка 25
   в TErm.Controllers.HomeController.getProjectsList(String token, String user) в D:\VisualStudio\TErm\TErm\Controllers\HomeController.cs:строка 76
   в TErm.Controllers.HomeController.Index(UserModel person) в D:\VisualStudio\TErm\TErm\Controllers\HomeController.cs:строка 60
   в lambda_method(Closure , ControllerBase , Object[] )
   в System.Web.Mvc.ActionMethodDispatcher.Execute(ControllerBase controller, Object[] parameters)
   в System.Web.Mvc.ReflectedActionDescriptor.Execute(ControllerContext controllerContext, IDictionary`2 parameters)
   в System.Web.Mvc.ControllerActionInvoker.InvokeActionMethod(ControllerContext controllerContext, ActionDescriptor actionDescriptor, IDictionary`2 parameters)
   в System.Web.Mvc.Async.AsyncControllerActionInvoker.<BeginInvokeSynchronousActionMethod>b__39(IAsyncResult asyncResult, ActionInvocation innerInvokeState)
   в System.Web.Mvc.Async.AsyncResultWrapper.WrappedAsyncResult`2.CallEndDelegate(IAsyncResult asyncResult)
   в System.Web.Mvc.Async.AsyncResultWrapper.WrappedAsyncResultBase`1.End()
   в System.Web.Mvc.Async.AsyncControllerActionInvoker.EndInvokeActionMethod(IAsyncResult asyncResult)
   в System.Web.Mvc.Async.AsyncControllerActionInvoker.AsyncInvocationWithFilters.<InvokeActionMethodFilterAsynchronouslyRecursive>b__3d()
   в System.Web.Mvc.Async.AsyncControllerActionInvoker.AsyncInvocationWithFilters.<>c__DisplayClass46.<InvokeActionMethodFilterAsynchronouslyRecursive>b__3f()
   в System.Web.Mvc.Async.AsyncControllerActionInvoker.<>c__DisplayClass33.<BeginInvokeActionMethodWithFilters>b__32(IAsyncResult asyncResult)
   в System.Web.Mvc.Async.AsyncResultWrapper.WrappedAsyncResult`1.CallEndDelegate(IAsyncResult asyncResult)
   в System.Web.Mvc.Async.AsyncResultWrapper.WrappedAsyncResultBase`1.End()
   в System.Web.Mvc.Async.AsyncControllerActionInvoker.EndInvokeActionMethodWithFilters(IAsyncResult asyncResult)
   в System.Web.Mvc.Async.AsyncControllerActionInvoker.<>c__DisplayClass21.<>c__DisplayClass2b.<BeginInvokeAction>b__1c()
   в System.Web.Mvc.Async.AsyncControllerActionInvoker.<>c__DisplayClass21.<BeginInvokeAction>b__1e(IAsyncResult asyncResult)
   в System.Web.Mvc.Async.AsyncResultWrapper.WrappedAsyncResult`1.CallEndDelegate(IAsyncResult asyncResult)
   в System.Web.Mvc.Async.AsyncResultWrapper.WrappedAsyncResultBase`1.End()
   в System.Web.Mvc.Async.AsyncControllerActionInvoker.EndInvokeAction(IAsyncResult asyncResult)
   в System.Web.Mvc.Controller.<BeginExecuteCore>b__1d(IAsyncResult asyncResult, ExecuteCoreState innerState)
   в System.Web.Mvc.Async.AsyncResultWrapper.WrappedAsyncVoid`1.CallEndDelegate(IAsyncResult asyncResult)
   в System.Web.Mvc.Async.AsyncResultWrapper.WrappedAsyncResultBase`1.End()
   в System.Web.Mvc.Controller.EndExecuteCore(IAsyncResult asyncResult)
   в System.Web.Mvc.Controller.<BeginExecute>b__15(IAsyncResult asyncResult, Controller controller)
   в System.Web.Mvc.Async.AsyncResultWrapper.WrappedAsyncVoid`1.CallEndDelegate(IAsyncResult asyncResult)
   в System.Web.Mvc.Async.AsyncResultWrapper.WrappedAsyncResultBase`1.End()
   в System.Web.Mvc.Controller.EndExecute(IAsyncResult asyncResult)
   в System.Web.Mvc.Controller.System.Web.Mvc.Async.IAsyncController.EndExecute(IAsyncResult asyncResult)
   в System.Web.Mvc.MvcHandler.<BeginProcessRequest>b__5(IAsyncResult asyncResult, ProcessRequestState innerState)
   в System.Web.Mvc.Async.AsyncResultWrapper.WrappedAsyncVoid`1.CallEndDelegate(IAsyncResult asyncResult)
   в System.Web.Mvc.Async.AsyncResultWrapper.WrappedAsyncResultBase`1.End()
   в System.Web.Mvc.MvcHandler.EndProcessRequest(IAsyncResult asyncResult)
   в System.Web.Mvc.MvcHandler.System.Web.IHttpAsyncHandler.EndProcessRequest(IAsyncResult result)
   в System.Web.HttpApplication.CallHandlerExecutionStep.System.Web.HttpApplication.IExecutionStep.Execute()
   в System.Web.HttpApplication.ExecuteStep(IExecutionStep step, Boolean& completedSynchronously)
2018/04/22 15:19:24.889: System.IO.FileNotFoundException: ‘айл 'D:\VisualStudio\TErm\TErm\bin\roslyn\csc.exe' не найден.
»м€ файла: 'D:\VisualStudio\TErm\TErm\bin\roslyn\csc.exe'
   в System.IO.__Error.WinIOError(Int32 errorCode, String maybeFullPath)
   в System.IO.FileStream.Init(String path, FileMode mode, FileAccess access, Int32 rights, Boolean useRights, FileShare share, Int32 bufferSize, FileOptions options, SECURITY_ATTRIBUTES secAttrs, String msgPath, Boolean bFromProxy, Boolean useLongPath, Boolean checkHost)
   в System.IO.FileStream..ctor(String path, FileMode mode, FileAccess access, FileShare share)
   в Microsoft.CodeDom.Providers.DotNetCompilerPlatform.Compiler.get_CompilerName()
   в Microsoft.CodeDom.Providers.DotNetCompilerPlatform.Compiler.FromFileBatch(CompilerParameters options, String[] fileNames)
   в Microsoft.CodeDom.Providers.DotNetCompilerPlatform.Compiler.CompileAssemblyFromFileBatch(CompilerParameters options, String[] fileNames)
   в System.CodeDom.Compiler.CodeDomProvider.CompileAssemblyFromFile(CompilerParameters options, String[] fileNames)
   в System.Web.Compilation.AssemblyBuilder.Compile()
   в System.Web.Compilation.BuildProvidersCompiler.PerformBuild()
   в System.Web.Compilation.BuildManager.CompileWebFile(VirtualPath virtualPath)
   в System.Web.Compilation.BuildManager.GetVPathBuildResultInternal(VirtualPath virtualPath, Boolean noBuild, Boolean allowCrossApp, Boolean allowBuildInPrecompile, Boolean throwIfNotFound, Boolean ensureIsUpToDate)
   в System.Web.Compilation.BuildManager.GetVPathBuildResultWithNoAssert(HttpContext context, VirtualPath virtualPath, Boolean noBuild, Boolean allowCrossApp, Boolean allowBuildInPrecompile, Boolean throwIfNotFound, Boolean ensureIsUpToDate)
   в System.Web.Compilation.BuildManager.GetVirtualPathObjectFactory(VirtualPath virtualPath, HttpContext context, Boolean allowCrossApp, Boolean throwIfNotFound)
   в System.Web.Compilation.BuildManager.GetCompiledType(VirtualPath virtualPath)
   в System.Web.Compilation.BuildManager.GetCompiledType(String virtualPath)
   в System.Web.Mvc.BuildManagerWrapper.System.Web.Mvc.IBuildManager.GetCompiledType(String virtualPath)
   в System.Web.Mvc.BuildManagerCompiledView.Render(ViewContext viewContext, TextWriter writer)
   в System.Web.Mvc.ViewResultBase.ExecuteResult(ControllerContext context)
   в System.Web.Mvc.ControllerActionInvoker.InvokeActionResult(ControllerContext controllerContext, ActionResult actionResult)
   в System.Web.Mvc.ControllerActionInvoker.InvokeActionResultFilterRecursive(IList`1 filters, Int32 filterIndex, ResultExecutingContext preContext, ControllerContext controllerContext, ActionResult actionResult)
   в System.Web.Mvc.ControllerActionInvoker.InvokeActionResultFilterRecursive(IList`1 filters, Int32 filterIndex, ResultExecutingContext preContext, ControllerContext controllerContext, ActionResult actionResult)
   в System.Web.Mvc.ControllerActionInvoker.InvokeActionResultWithFilters(ControllerContext controllerContext, IList`1 filters, ActionResult actionResult)
   в System.Web.Mvc.Async.AsyncControllerActionInvoker.<>c__DisplayClass21.<>c__DisplayClass2b.<BeginInvokeAction>b__1c()
   в System.Web.Mvc.Async.AsyncControllerActionInvoker.<>c__DisplayClass21.<BeginInvokeAction>b__1e(IAsyncResult asyncResult)
   в System.Web.Mvc.Async.AsyncResultWrapper.WrappedAsyncResult`1.CallEndDelegate(IAsyncResult asyncResult)
   в System.Web.Mvc.Async.AsyncResultWrapper.WrappedAsyncResultBase`1.End()
   в System.Web.Mvc.Async.AsyncControllerActionInvoker.EndInvokeAction(IAsyncResult asyncResult)
   в System.Web.Mvc.Controller.<BeginExecuteCore>b__1d(IAsyncResult asyncResult, ExecuteCoreState innerState)
   в System.Web.Mvc.Async.AsyncResultWrapper.WrappedAsyncVoid`1.CallEndDelegate(IAsyncResult asyncResult)
   в System.Web.Mvc.Async.AsyncResultWrapper.WrappedAsyncResultBase`1.End()
   в System.Web.Mvc.Controller.EndExecuteCore(IAsyncResult asyncResult)
   в System.Web.Mvc.Controller.<BeginExecute>b__15(IAsyncResult asyncResult, Controller controller)
   в System.Web.Mvc.Async.AsyncResultWrapper.WrappedAsyncVoid`1.CallEndDelegate(IAsyncResult asyncResult)
   в System.Web.Mvc.Async.AsyncResultWrapper.WrappedAsyncResultBase`1.End()
   в System.Web.Mvc.Controller.EndExecute(IAsyncResult asyncResult)
   в System.Web.Mvc.Controller.System.Web.Mvc.Async.IAsyncController.EndExecute(IAsyncResult asyncResult)
   в System.Web.Mvc.MvcHandler.<BeginProcessRequest>b__5(IAsyncResult asyncResult, ProcessRequestState innerState)
   в System.Web.Mvc.Async.AsyncResultWrapper.WrappedAsyncVoid`1.CallEndDelegate(IAsyncResult asyncResult)
   в System.Web.Mvc.Async.AsyncResultWrapper.WrappedAsyncResultBase`1.End()
   в System.Web.Mvc.MvcHandler.EndProcessRequest(IAsyncResult asyncResult)
   в System.Web.Mvc.MvcHandler.System.Web.IHttpAsyncHandler.EndProcessRequest(IAsyncResult result)
   в System.Web.HttpApplication.CallHandlerExecutionStep.System.Web.HttpApplication.IExecutionStep.Execute()
   в System.Web.HttpApplication.ExecuteStep(IExecutionStep step, Boolean& completedSynchronously)
2018/04/22 15:20:07.024: System.NullReferenceException: —сылка на объект не указывает на экземпл€р объекта.
   в TErm.Helpers.Integration.GitLabParser.getProjectsListByPrivateToken(String privateToken, String userName) в D:\VisualStudio\TErm\TErm\Helpers\Integration\GitLabParser.cs:строка 27
   в TErm.Controllers.HomeController.getProjectsList(String token, String user) в D:\VisualStudio\TErm\TErm\Controllers\HomeController.cs:строка 76
   в TErm.Controllers.HomeController.Index(UserModel person) в D:\VisualStudio\TErm\TErm\Controllers\HomeController.cs:строка 60
   в lambda_method(Closure , ControllerBase , Object[] )
   в System.Web.Mvc.ActionMethodDispatcher.Execute(ControllerBase controller, Object[] parameters)
   в System.Web.Mvc.ReflectedActionDescriptor.Execute(ControllerContext controllerContext, IDictionary`2 parameters)
   в System.Web.Mvc.ControllerActionInvoker.InvokeActionMethod(ControllerContext controllerContext, ActionDescriptor actionDescriptor, IDictionary`2 parameters)
   в System.Web.Mvc.Async.AsyncControllerActionInvoker.<BeginInvokeSynchronousActionMethod>b__39(IAsyncResult asyncResult, ActionInvocation innerInvokeState)
   в System.Web.Mvc.Async.AsyncResultWrapper.WrappedAsyncResult`2.CallEndDelegate(IAsyncResult asyncResult)
   в System.Web.Mvc.Async.AsyncResultWrapper.WrappedAsyncResultBase`1.End()
   в System.Web.Mvc.Async.AsyncControllerActionInvoker.EndInvokeActionMethod(IAsyncResult asyncResult)
   в System.Web.Mvc.Async.AsyncControllerActionInvoker.AsyncInvocationWithFilters.<InvokeActionMethodFilterAsynchronouslyRecursive>b__3d()
   в System.Web.Mvc.Async.AsyncControllerActionInvoker.AsyncInvocationWithFilters.<>c__DisplayClass46.<InvokeActionMethodFilterAsynchronouslyRecursive>b__3f()
   в System.Web.Mvc.Async.AsyncControllerActionInvoker.<>c__DisplayClass33.<BeginInvokeActionMethodWithFilters>b__32(IAsyncResult asyncResult)
   в System.Web.Mvc.Async.AsyncResultWrapper.WrappedAsyncResult`1.CallEndDelegate(IAsyncResult asyncResult)
   в System.Web.Mvc.Async.AsyncResultWrapper.WrappedAsyncResultBase`1.End()
   в System.Web.Mvc.Async.AsyncControllerActionInvoker.EndInvokeActionMethodWithFilters(IAsyncResult asyncResult)
   в System.Web.Mvc.Async.AsyncControllerActionInvoker.<>c__DisplayClass21.<>c__DisplayClass2b.<BeginInvokeAction>b__1c()
   в System.Web.Mvc.Async.AsyncControllerActionInvoker.<>c__DisplayClass21.<BeginInvokeAction>b__1e(IAsyncResult asyncResult)
   в System.Web.Mvc.Async.AsyncResultWrapper.WrappedAsyncResult`1.CallEndDelegate(IAsyncResult asyncResult)
   в System.Web.Mvc.Async.AsyncResultWrapper.WrappedAsyncResultBase`1.End()
   в System.Web.Mvc.Async.AsyncControllerActionInvoker.EndInvokeAction(IAsyncResult asyncResult)
   в System.Web.Mvc.Controller.<BeginExecuteCore>b__1d(IAsyncResult asyncResult, ExecuteCoreState innerState)
   в System.Web.Mvc.Async.AsyncResultWrapper.WrappedAsyncVoid`1.CallEndDelegate(IAsyncResult asyncResult)
   в System.Web.Mvc.Async.AsyncResultWrapper.WrappedAsyncResultBase`1.End()
   в System.Web.Mvc.Controller.EndExecuteCore(IAsyncResult asyncResult)
   в System.Web.Mvc.Controller.<BeginExecute>b__15(IAsyncResult asyncResult, Controller controller)
   в System.Web.Mvc.Async.AsyncResultWrapper.WrappedAsyncVoid`1.CallEndDelegate(IAsyncResult asyncResult)
   в System.Web.Mvc.Async.AsyncResultWrapper.WrappedAsyncResultBase`1.End()
   в System.Web.Mvc.Controller.EndExecute(IAsyncResult asyncResult)
   в System.Web.Mvc.Controller.System.Web.Mvc.Async.IAsyncController.EndExecute(IAsyncResult asyncResult)
   в System.Web.Mvc.MvcHandler.<BeginProcessRequest>b__5(IAsyncResult asyncResult, ProcessRequestState innerState)
   в System.Web.Mvc.Async.AsyncResultWrapper.WrappedAsyncVoid`1.CallEndDelegate(IAsyncResult asyncResult)
   в System.Web.Mvc.Async.AsyncResultWrapper.WrappedAsyncResultBase`1.End()
   в System.Web.Mvc.MvcHandler.EndProcessRequest(IAsyncResult asyncResult)
   в System.Web.Mvc.MvcHandler.System.Web.IHttpAsyncHandler.EndProcessRequest(IAsyncResult result)
   в System.Web.HttpApplication.CallHandlerExecutionStep.System.Web.HttpApplication.IExecutionStep.Execute()
   в System.Web.HttpApplication.ExecuteStep(IExecutionStep step, Boolean& completedSynchronously)
2018/04/22 15:23:05.670: System.NullReferenceException: —сылка на объект не указывает на экземпл€р объекта.
   в TErm.Helpers.Integration.GitLabParser.getProjectsListByPrivateToken(String privateToken, String userName) в D:\VisualStudio\TErm\TErm\Helpers\Integration\GitLabParser.cs:строка 27
   в TErm.Controllers.HomeController.getProjectsList(String token, String user) в D:\VisualStudio\TErm\TErm\Controllers\HomeController.cs:строка 76
   в TErm.Controllers.HomeController.Index(UserModel person) в D:\VisualStudio\TErm\TErm\Controllers\HomeController.cs:строка 60
   в lambda_method(Closure , ControllerBase , Object[] )
   в System.Web.Mvc.ActionMethodDispatcher.Execute(ControllerBase controller, Object[] parameters)
   в System.Web.Mvc.ReflectedActionDescriptor.Execute(ControllerContext controllerContext, IDictionary`2 parameters)
   в System.Web.Mvc.ControllerActionInvoker.InvokeActionMethod(ControllerContext controllerContext, ActionDescriptor actionDescriptor, IDictionary`2 parameters)
   в System.Web.Mvc.Async.AsyncControllerActionInvoker.<BeginInvokeSynchronousActionMethod>b__39(IAsyncResult asyncResult, ActionInvocation innerInvokeState)
   в System.Web.Mvc.Async.AsyncResultWrapper.WrappedAsyncResult`2.CallEndDelegate(IAsyncResult asyncResult)
   в System.Web.Mvc.Async.AsyncResultWrapper.WrappedAsyncResultBase`1.End()
   в System.Web.Mvc.Async.AsyncControllerActionInvoker.EndInvokeActionMethod(IAsyncResult asyncResult)
   в System.Web.Mvc.Async.AsyncControllerActionInvoker.AsyncInvocationWithFilters.<InvokeActionMethodFilterAsynchronouslyRecursive>b__3d()
   в System.Web.Mvc.Async.AsyncControllerActionInvoker.AsyncInvocationWithFilters.<>c__DisplayClass46.<InvokeActionMethodFilterAsynchronouslyRecursive>b__3f()
   в System.Web.Mvc.Async.AsyncControllerActionInvoker.<>c__DisplayClass33.<BeginInvokeActionMethodWithFilters>b__32(IAsyncResult asyncResult)
   в System.Web.Mvc.Async.AsyncResultWrapper.WrappedAsyncResult`1.CallEndDelegate(IAsyncResult asyncResult)
   в System.Web.Mvc.Async.AsyncResultWrapper.WrappedAsyncResultBase`1.End()
   в System.Web.Mvc.Async.AsyncControllerActionInvoker.EndInvokeActionMethodWithFilters(IAsyncResult asyncResult)
   в System.Web.Mvc.Async.AsyncControllerActionInvoker.<>c__DisplayClass21.<>c__DisplayClass2b.<BeginInvokeAction>b__1c()
   в System.Web.Mvc.Async.AsyncControllerActionInvoker.<>c__DisplayClass21.<BeginInvokeAction>b__1e(IAsyncResult asyncResult)
   в System.Web.Mvc.Async.AsyncResultWrapper.WrappedAsyncResult`1.CallEndDelegate(IAsyncResult asyncResult)
   в System.Web.Mvc.Async.AsyncResultWrapper.WrappedAsyncResultBase`1.End()
   в System.Web.Mvc.Async.AsyncControllerActionInvoker.EndInvokeAction(IAsyncResult asyncResult)
   в System.Web.Mvc.Controller.<BeginExecuteCore>b__1d(IAsyncResult asyncResult, ExecuteCoreState innerState)
   в System.Web.Mvc.Async.AsyncResultWrapper.WrappedAsyncVoid`1.CallEndDelegate(IAsyncResult asyncResult)
   в System.Web.Mvc.Async.AsyncResultWrapper.WrappedAsyncResultBase`1.End()
   в System.Web.Mvc.Controller.EndExecuteCore(IAsyncResult asyncResult)
   в System.Web.Mvc.Controller.<BeginExecute>b__15(IAsyncResult asyncResult, Controller controller)
   в System.Web.Mvc.Async.AsyncResultWrapper.WrappedAsyncVoid`1.CallEndDelegate(IAsyncResult asyncResult)
   в System.Web.Mvc.Async.AsyncResultWrapper.WrappedAsyncResultBase`1.End()
   в System.Web.Mvc.Controller.EndExecute(IAsyncResult asyncResult)
   в System.Web.Mvc.Controller.System.Web.Mvc.Async.IAsyncController.EndExecute(IAsyncResult asyncResult)
   в System.Web.Mvc.MvcHandler.<BeginProcessRequest>b__5(IAsyncResult asyncResult, ProcessRequestState innerState)
   в System.Web.Mvc.Async.AsyncResultWrapper.WrappedAsyncVoid`1.CallEndDelegate(IAsyncResult asyncResult)
   в System.Web.Mvc.Async.AsyncResultWrapper.WrappedAsyncResultBase`1.End()
   в System.Web.Mvc.MvcHandler.EndProcessRequest(IAsyncResult asyncResult)
   в System.Web.Mvc.MvcHandler.System.Web.IHttpAsyncHandler.EndProcessRequest(IAsyncResult result)
   в System.Web.HttpApplication.CallHandlerExecutionStep.System.Web.HttpApplication.IExecutionStep.Execute()
   в System.Web.HttpApplication.ExecuteStep(IExecutionStep step, Boolean& completedSynchronously)
2018/04/22 15:34:06.081: System.NullReferenceException: —сылка на объект не указывает на экземпл€р объекта.
   в TErm.Helpers.Integration.GitLabParser.getProjectsListByPrivateToken(String privateToken, String userName) в D:\VisualStudio\TErm\TErm\Helpers\Integration\GitLabParser.cs:строка 27
   в TErm.Controllers.HomeController.getProjectsList(String token, String user) в D:\VisualStudio\TErm\TErm\Controllers\HomeController.cs:строка 76
   в TErm.Controllers.HomeController.Index(UserModel person) в D:\VisualStudio\TErm\TErm\Controllers\HomeController.cs:строка 60
   в lambda_method(Closure , ControllerBase , Object[] )
   в System.Web.Mvc.ActionMethodDispatcher.Execute(ControllerBase controller, Object[] parameters)
   в System.Web.Mvc.ReflectedActionDescriptor.Execute(ControllerContext controllerContext, IDictionary`2 parameters)
   в System.Web.Mvc.ControllerActionInvoker.InvokeActionMethod(ControllerContext controllerContext, ActionDescriptor actionDescriptor, IDictionary`2 parameters)
   в System.Web.Mvc.Async.AsyncControllerActionInvoker.<BeginInvokeSynchronousActionMethod>b__39(IAsyncResult asyncResult, ActionInvocation innerInvokeState)
   в System.Web.Mvc.Async.AsyncResultWrapper.WrappedAsyncResult`2.CallEndDelegate(IAsyncResult asyncResult)
   в System.Web.Mvc.Async.AsyncResultWrapper.WrappedAsyncResultBase`1.End()
   в System.Web.Mvc.Async.AsyncControllerActionInvoker.EndInvokeActionMethod(IAsyncResult asyncResult)
   в System.Web.Mvc.Async.AsyncControllerActionInvoker.AsyncInvocationWithFilters.<InvokeActionMethodFilterAsynchronouslyRecursive>b__3d()
   в System.Web.Mvc.Async.AsyncControllerActionInvoker.AsyncInvocationWithFilters.<>c__DisplayClass46.<InvokeActionMethodFilterAsynchronouslyRecursive>b__3f()
   в System.Web.Mvc.Async.AsyncControllerActionInvoker.<>c__DisplayClass33.<BeginInvokeActionMethodWithFilters>b__32(IAsyncResult asyncResult)
   в System.Web.Mvc.Async.AsyncResultWrapper.WrappedAsyncResult`1.CallEndDelegate(IAsyncResult asyncResult)
   в System.Web.Mvc.Async.AsyncResultWrapper.WrappedAsyncResultBase`1.End()
   в System.Web.Mvc.Async.AsyncControllerActionInvoker.EndInvokeActionMethodWithFilters(IAsyncResult asyncResult)
   в System.Web.Mvc.Async.AsyncControllerActionInvoker.<>c__DisplayClass21.<>c__DisplayClass2b.<BeginInvokeAction>b__1c()
   в System.Web.Mvc.Async.AsyncControllerActionInvoker.<>c__DisplayClass21.<BeginInvokeAction>b__1e(IAsyncResult asyncResult)
   в System.Web.Mvc.Async.AsyncResultWrapper.WrappedAsyncResult`1.CallEndDelegate(IAsyncResult asyncResult)
   в System.Web.Mvc.Async.AsyncResultWrapper.WrappedAsyncResultBase`1.End()
   в System.Web.Mvc.Async.AsyncControllerActionInvoker.EndInvokeAction(IAsyncResult asyncResult)
   в System.Web.Mvc.Controller.<BeginExecuteCore>b__1d(IAsyncResult asyncResult, ExecuteCoreState innerState)
   в System.Web.Mvc.Async.AsyncResultWrapper.WrappedAsyncVoid`1.CallEndDelegate(IAsyncResult asyncResult)
   в System.Web.Mvc.Async.AsyncResultWrapper.WrappedAsyncResultBase`1.End()
   в System.Web.Mvc.Controller.EndExecuteCore(IAsyncResult asyncResult)
   в System.Web.Mvc.Controller.<BeginExecute>b__15(IAsyncResult asyncResult, Controller controller)
   в System.Web.Mvc.Async.AsyncResultWrapper.WrappedAsyncVoid`1.CallEndDelegate(IAsyncResult asyncResult)
   в System.Web.Mvc.Async.AsyncResultWrapper.WrappedAsyncResultBase`1.End()
   в System.Web.Mvc.Controller.EndExecute(IAsyncResult asyncResult)
   в System.Web.Mvc.Controller.System.Web.Mvc.Async.IAsyncController.EndExecute(IAsyncResult asyncResult)
   в System.Web.Mvc.MvcHandler.<BeginProcessRequest>b__5(IAsyncResult asyncResult, ProcessRequestState innerState)
   в System.Web.Mvc.Async.AsyncResultWrapper.WrappedAsyncVoid`1.CallEndDelegate(IAsyncResult asyncResult)
   в System.Web.Mvc.Async.AsyncResultWrapper.WrappedAsyncResultBase`1.End()
   в System.Web.Mvc.MvcHandler.EndProcessRequest(IAsyncResult asyncResult)
   в System.Web.Mvc.MvcHandler.System.Web.IHttpAsyncHandler.EndProcessRequest(IAsyncResult result)
   в System.Web.HttpApplication.CallHandlerExecutionStep.System.Web.HttpApplication.IExecutionStep.Execute()
   в System.Web.HttpApplication.ExecuteStep(IExecutionStep step, Boolean& completedSynchronously)
2018/04/22 15:35:58.947: System.NullReferenceException: —сылка на объект не указывает на экземпл€р объекта.
   в TErm.Helpers.Integration.GitLabParser.getProjectsListByPrivateToken(String privateToken, String userName) в D:\VisualStudio\TErm\TErm\Helpers\Integration\GitLabParser.cs:строка 27
   в TErm.Controllers.HomeController.getProjectsList(String token, String user) в D:\VisualStudio\TErm\TErm\Controllers\HomeController.cs:строка 76
   в TErm.Controllers.HomeController.Index(UserModel person) в D:\VisualStudio\TErm\TErm\Controllers\HomeController.cs:строка 60
   в lambda_method(Closure , ControllerBase , Object[] )
   в System.Web.Mvc.ActionMethodDispatcher.Execute(ControllerBase controller, Object[] parameters)
   в System.Web.Mvc.ReflectedActionDescriptor.Execute(ControllerContext controllerContext, IDictionary`2 parameters)
   в System.Web.Mvc.ControllerActionInvoker.InvokeActionMethod(ControllerContext controllerContext, ActionDescriptor actionDescriptor, IDictionary`2 parameters)
   в System.Web.Mvc.Async.AsyncControllerActionInvoker.<BeginInvokeSynchronousActionMethod>b__39(IAsyncResult asyncResult, ActionInvocation innerInvokeState)
   в System.Web.Mvc.Async.AsyncResultWrapper.WrappedAsyncResult`2.CallEndDelegate(IAsyncResult asyncResult)
   в System.Web.Mvc.Async.AsyncResultWrapper.WrappedAsyncResultBase`1.End()
   в System.Web.Mvc.Async.AsyncControllerActionInvoker.EndInvokeActionMethod(IAsyncResult asyncResult)
   в System.Web.Mvc.Async.AsyncControllerActionInvoker.AsyncInvocationWithFilters.<InvokeActionMethodFilterAsynchronouslyRecursive>b__3d()
   в System.Web.Mvc.Async.AsyncControllerActionInvoker.AsyncInvocationWithFilters.<>c__DisplayClass46.<InvokeActionMethodFilterAsynchronouslyRecursive>b__3f()
   в System.Web.Mvc.Async.AsyncControllerActionInvoker.<>c__DisplayClass33.<BeginInvokeActionMethodWithFilters>b__32(IAsyncResult asyncResult)
   в System.Web.Mvc.Async.AsyncResultWrapper.WrappedAsyncResult`1.CallEndDelegate(IAsyncResult asyncResult)
   в System.Web.Mvc.Async.AsyncResultWrapper.WrappedAsyncResultBase`1.End()
   в System.Web.Mvc.Async.AsyncControllerActionInvoker.EndInvokeActionMethodWithFilters(IAsyncResult asyncResult)
   в System.Web.Mvc.Async.AsyncControllerActionInvoker.<>c__DisplayClass21.<>c__DisplayClass2b.<BeginInvokeAction>b__1c()
   в System.Web.Mvc.Async.AsyncControllerActionInvoker.<>c__DisplayClass21.<BeginInvokeAction>b__1e(IAsyncResult asyncResult)
   в System.Web.Mvc.Async.AsyncResultWrapper.WrappedAsyncResult`1.CallEndDelegate(IAsyncResult asyncResult)
   в System.Web.Mvc.Async.AsyncResultWrapper.WrappedAsyncResultBase`1.End()
   в System.Web.Mvc.Async.AsyncControllerActionInvoker.EndInvokeAction(IAsyncResult asyncResult)
   в System.Web.Mvc.Controller.<BeginExecuteCore>b__1d(IAsyncResult asyncResult, ExecuteCoreState innerState)
   в System.Web.Mvc.Async.AsyncResultWrapper.WrappedAsyncVoid`1.CallEndDelegate(IAsyncResult asyncResult)
   в System.Web.Mvc.Async.AsyncResultWrapper.WrappedAsyncResultBase`1.End()
   в System.Web.Mvc.Controller.EndExecuteCore(IAsyncResult asyncResult)
   в System.Web.Mvc.Controller.<BeginExecute>b__15(IAsyncResult asyncResult, Controller controller)
   в System.Web.Mvc.Async.AsyncResultWrapper.WrappedAsyncVoid`1.CallEndDelegate(IAsyncResult asyncResult)
   в System.Web.Mvc.Async.AsyncResultWrapper.WrappedAsyncResultBase`1.End()
   в System.Web.Mvc.Controller.EndExecute(IAsyncResult asyncResult)
   в System.Web.Mvc.Controller.System.Web.Mvc.Async.IAsyncController.EndExecute(IAsyncResult asyncResult)
   в System.Web.Mvc.MvcHandler.<BeginProcessRequest>b__5(IAsyncResult asyncResult, ProcessRequestState innerState)
   в System.Web.Mvc.Async.AsyncResultWrapper.WrappedAsyncVoid`1.CallEndDelegate(IAsyncResult asyncResult)
   в System.Web.Mvc.Async.AsyncResultWrapper.WrappedAsyncResultBase`1.End()
   в System.Web.Mvc.MvcHandler.EndProcessRequest(IAsyncResult asyncResult)
   в System.Web.Mvc.MvcHandler.System.Web.IHttpAsyncHandler.EndProcessRequest(IAsyncResult result)
   в System.Web.HttpApplication.CallHandlerExecutionStep.System.Web.HttpApplication.IExecutionStep.Execute()
   в System.Web.HttpApplication.ExecuteStep(IExecutionStep step, Boolean& completedSynchronously)
2018/04/22 15:46:14.178: System.NullReferenceException: —сылка на объект не указывает на экземпл€р объекта.
   в TErm.Helpers.Integration.GitLabParser.getProjectsListByPrivateToken(String privateToken, String userName) в D:\VisualStudio\TErm\TErm\Helpers\Integration\GitLabParser.cs:строка 27
   в TErm.Controllers.HomeController.getProjectsList(String token, String user) в D:\VisualStudio\TErm\TErm\Controllers\HomeController.cs:строка 76
   в TErm.Controllers.HomeController.Index(UserModel person) в D:\VisualStudio\TErm\TErm\Controllers\HomeController.cs:строка 60
   в lambda_method(Closure , ControllerBase , Object[] )
   в System.Web.Mvc.ActionMethodDispatcher.Execute(ControllerBase controller, Object[] parameters)
   в System.Web.Mvc.ReflectedActionDescriptor.Execute(ControllerContext controllerContext, IDictionary`2 parameters)
   в System.Web.Mvc.ControllerActionInvoker.InvokeActionMethod(ControllerContext controllerContext, ActionDescriptor actionDescriptor, IDictionary`2 parameters)
   в System.Web.Mvc.Async.AsyncControllerActionInvoker.<BeginInvokeSynchronousActionMethod>b__39(IAsyncResult asyncResult, ActionInvocation innerInvokeState)
   в System.Web.Mvc.Async.AsyncResultWrapper.WrappedAsyncResult`2.CallEndDelegate(IAsyncResult asyncResult)
   в System.Web.Mvc.Async.AsyncResultWrapper.WrappedAsyncResultBase`1.End()
   в System.Web.Mvc.Async.AsyncControllerActionInvoker.EndInvokeActionMethod(IAsyncResult asyncResult)
   в System.Web.Mvc.Async.AsyncControllerActionInvoker.AsyncInvocationWithFilters.<InvokeActionMethodFilterAsynchronouslyRecursive>b__3d()
   в System.Web.Mvc.Async.AsyncControllerActionInvoker.AsyncInvocationWithFilters.<>c__DisplayClass46.<InvokeActionMethodFilterAsynchronouslyRecursive>b__3f()
   в System.Web.Mvc.Async.AsyncControllerActionInvoker.<>c__DisplayClass33.<BeginInvokeActionMethodWithFilters>b__32(IAsyncResult asyncResult)
   в System.Web.Mvc.Async.AsyncResultWrapper.WrappedAsyncResult`1.CallEndDelegate(IAsyncResult asyncResult)
   в System.Web.Mvc.Async.AsyncResultWrapper.WrappedAsyncResultBase`1.End()
   в System.Web.Mvc.Async.AsyncControllerActionInvoker.EndInvokeActionMethodWithFilters(IAsyncResult asyncResult)
   в System.Web.Mvc.Async.AsyncControllerActionInvoker.<>c__DisplayClass21.<>c__DisplayClass2b.<BeginInvokeAction>b__1c()
   в System.Web.Mvc.Async.AsyncControllerActionInvoker.<>c__DisplayClass21.<BeginInvokeAction>b__1e(IAsyncResult asyncResult)
   в System.Web.Mvc.Async.AsyncResultWrapper.WrappedAsyncResult`1.CallEndDelegate(IAsyncResult asyncResult)
   в System.Web.Mvc.Async.AsyncResultWrapper.WrappedAsyncResultBase`1.End()
   в System.Web.Mvc.Async.AsyncControllerActionInvoker.EndInvokeAction(IAsyncResult asyncResult)
   в System.Web.Mvc.Controller.<BeginExecuteCore>b__1d(IAsyncResult asyncResult, ExecuteCoreState innerState)
   в System.Web.Mvc.Async.AsyncResultWrapper.WrappedAsyncVoid`1.CallEndDelegate(IAsyncResult asyncResult)
   в System.Web.Mvc.Async.AsyncResultWrapper.WrappedAsyncResultBase`1.End()
   в System.Web.Mvc.Controller.EndExecuteCore(IAsyncResult asyncResult)
   в System.Web.Mvc.Controller.<BeginExecute>b__15(IAsyncResult asyncResult, Controller controller)
   в System.Web.Mvc.Async.AsyncResultWrapper.WrappedAsyncVoid`1.CallEndDelegate(IAsyncResult asyncResult)
   в System.Web.Mvc.Async.AsyncResultWrapper.WrappedAsyncResultBase`1.End()
   в System.Web.Mvc.Controller.EndExecute(IAsyncResult asyncResult)
   в System.Web.Mvc.Controller.System.Web.Mvc.Async.IAsyncController.EndExecute(IAsyncResult asyncResult)
   в System.Web.Mvc.MvcHandler.<BeginProcessRequest>b__5(IAsyncResult asyncResult, ProcessRequestState innerState)
   в System.Web.Mvc.Async.AsyncResultWrapper.WrappedAsyncVoid`1.CallEndDelegate(IAsyncResult asyncResult)
   в System.Web.Mvc.Async.AsyncResultWrapper.WrappedAsyncResultBase`1.End()
   в System.Web.Mvc.MvcHandler.EndProcessRequest(IAsyncResult asyncResult)
   в System.Web.Mvc.MvcHandler.System.Web.IHttpAsyncHandler.EndProcessRequest(IAsyncResult result)
   в System.Web.HttpApplication.CallHandlerExecutionStep.System.Web.HttpApplication.IExecutionStep.Execute()
   в System.Web.HttpApplication.ExecuteStep(IExecutionStep step, Boolean& completedSynchronously)
2018/04/22 16:13:58.433: System.Web.HttpException (0x80004005):  онтроллер дл€ пути "/Errors/Error" не найден или не реализует интерфейс IController.
   в System.Web.Mvc.DefaultControllerFactory.GetControllerInstance(RequestContext requestContext, Type controllerType)
   в System.Web.Mvc.DefaultControllerFactory.CreateController(RequestContext requestContext, String controllerName)
   в System.Web.Mvc.MvcHandler.ProcessRequestInit(HttpContextBase httpContext, IController& controller, IControllerFactory& factory)
   в System.Web.Mvc.MvcHandler.BeginProcessRequest(HttpContextBase httpContext, AsyncCallback callback, Object state)
   в System.Web.Mvc.MvcHandler.BeginProcessRequest(HttpContext httpContext, AsyncCallback callback, Object state)
   в System.Web.Mvc.MvcHandler.System.Web.IHttpAsyncHandler.BeginProcessRequest(HttpContext context, AsyncCallback cb, Object extraData)
   в System.Web.HttpApplication.CallHandlerExecutionStep.System.Web.HttpApplication.IExecutionStep.Execute()
   в System.Web.HttpApplication.ExecuteStep(IExecutionStep step, Boolean& completedSynchronously)
2018/04/22 16:13:58.723: System.Web.HttpException (0x80004005): ѕуть '/Views/Errors/Error.cshtml' не найден.
   в System.Web.HttpNotFoundHandler.ProcessRequest(HttpContext context)
   в System.Web.HttpApplication.CallHandlerExecutionStep.System.Web.HttpApplication.IExecutionStep.Execute()
   в System.Web.HttpApplication.ExecuteStep(IExecutionStep step, Boolean& completedSynchronously)
2018/04/22 16:43:51.982: ошибкаSystem.Net.WebException: ”даленный сервер возвратил ошибку: (404) Ќе найден.
   в System.Net.HttpWebRequest.GetResponse()
   в TErm.Helpers.Integration.Requests.get(String privateToken, String url) в D:\VisualStudio\TErm\TErm\Helpers\Integration\Requests.cs:строка 25
2018/04/22 16:48:33.453: System.Net.WebException: ”даленный сервер возвратил ошибку: (404) Ќе найден.
   в System.Net.HttpWebRequest.GetResponse()
   в TErm.Helpers.Integration.Requests.get(String privateToken, String url) в D:\VisualStudio\TErm\TErm\Helpers\Integration\Requests.cs:строка 25
2018/04/22 16:51:28.581: System.Net.WebException: ”даленный сервер возвратил ошибку: (308) Permanent Redirect.
   в System.Net.HttpWebRequest.GetResponse()
   в TErm.Helpers.Integration.Requests.get(String privateToken, String url) в D:\VisualStudio\TErm\TErm\Helpers\Integration\Requests.cs:строка 25
2018/04/22 16:51:28.655: System.NullReferenceException: —сылка на объект не указывает на экземпл€р объекта.
   в TErm.Helpers.Integration.GitLabParser.getProjectsListByPrivateToken(String privateToken, String userName) в D:\VisualStudio\TErm\TErm\Helpers\Integration\GitLabParser.cs:строка 29
2018/04/22 16:55:22.019: System.Net.WebException: ”даленный сервер возвратил ошибку: (404) Ќе найден.
   в System.Net.HttpWebRequest.GetResponse()
   в TErm.Helpers.Integration.Requests.get(String privateToken, String url) в D:\VisualStudio\TErm\TErm\Helpers\Integration\Requests.cs:строка 25
2018/04/22 16:55:22.063: System.NullReferenceException: —сылка на объект не указывает на экземпл€р объекта.
   в TErm.Helpers.Integration.GitLabParser.getProjectsListByPrivateToken(String privateToken, String userName) в D:\VisualStudio\TErm\TErm\Helpers\Integration\GitLabParser.cs:строка 29
2018/04/22 16:55:48.454: System.Net.WebException: ”даленный сервер возвратил ошибку: (308) Permanent Redirect.
   в System.Net.HttpWebRequest.GetResponse()
   в TErm.Helpers.Integration.Requests.get(String privateToken, String url) в D:\VisualStudio\TErm\TErm\Helpers\Integration\Requests.cs:строка 25
2018/04/22 16:55:48.454: System.NullReferenceException: —сылка на объект не указывает на экземпл€р объекта.
   в TErm.Helpers.Integration.GitLabParser.getProjectsListByPrivateToken(String privateToken, String userName) в D:\VisualStudio\TErm\TErm\Helpers\Integration\GitLabParser.cs:строка 29
2018/04/22 17:11:25.678: «адача: авторизаци€ пользовател€Oтноситс€ к кластеру: 17
2018/04/22 17:11:25.724: «адача: расчет времениOтноситс€ к кластеру: 21
2018/04/22 17:11:25.724: «адача: создание базы данныхOтноситс€ к кластеру: 17
